2024-02-26 10:30:54: 读取参数成功
2024-02-26 10:30:54: 已连接PLC
2024-02-26 10:31:09: 导入报警信息表成功  330
2024-02-26 10:31:09: 导入PLC参数信息表成功
2024-02-26 10:31:13: MAC_mini配置信息校验异常
2024-02-26 10:31:48: 读取参数成功
2024-02-26 10:31:48: 已连接PLC
2024-02-26 10:32:02: 导入报警信息表成功  330
2024-02-26 10:32:02: 导入PLC参数信息表成功
2024-02-26 10:32:04: MAC_mini配置信息校验异常
2024-02-26 10:33:16: 读取参数成功
2024-02-26 10:33:16: 已连接PLC
2024-02-26 10:33:31: 导入报警信息表成功  330
2024-02-26 10:33:31: 导入PLC参数信息表成功
2024-02-26 10:33:32: MAC_mini配置信息校验异常
2024-02-26 10:34:10: 读取参数成功
2024-02-26 10:34:10: 已连接PLC
2024-02-26 10:34:24: 导入报警信息表成功  330
2024-02-26 10:34:24: 导入PLC参数信息表成功
2024-02-26 10:34:26: MAC_mini配置信息校验异常
2024-02-26 10:36:53: 读取参数成功
2024-02-26 10:36:53: 已连接PLC
2024-02-26 10:37:06: 导入报警信息表成功  330
2024-02-26 10:37:06: 导入PLC参数信息表成功
2024-02-26 10:37:11: MAC_mini配置信息校验异常
2024-02-26 10:38:46: 读取参数成功
2024-02-26 10:38:46: 已连接PLC
2024-02-26 10:39:00: 导入报警信息表成功  330
2024-02-26 10:39:00: 导入PLC参数信息表成功
2024-02-26 10:39:04: MAC_mini配置信息校验异常
2024-02-26 10:40:00: 读取参数成功
2024-02-26 10:40:00: 已连接PLC
2024-02-26 10:40:13: 导入报警信息表成功  330
2024-02-26 10:40:13: 导入PLC参数信息表成功
2024-02-26 10:40:15: MAC_mini配置信息校验异常
2024-02-26 10:43:26: 读取参数成功
2024-02-26 10:43:26: 已连接PLC
2024-02-26 10:43:53: 导入报警信息表成功  330
2024-02-26 10:43:53: 导入PLC参数信息表成功
2024-02-26 10:43:54: MAC_mini配置信息校验异常
2024-02-26 10:48:41: 读取参数成功
2024-02-26 10:48:41: 已连接PLC
2024-02-26 10:48:55: 导入报警信息表成功  330
2024-02-26 10:48:55: 导入PLC参数信息表成功
2024-02-26 10:48:55: MAC_mini配置信息校验异常
2024-02-26 10:49:09: 读取参数成功
2024-02-26 10:49:09: 已连接PLC
2024-02-26 10:49:24: 导入报警信息表成功  330
2024-02-26 10:49:24: 导入PLC参数信息表成功
2024-02-26 10:49:26: MAC_mini配置信息校验异常
2024-02-26 10:50:50: 读取参数成功
2024-02-26 10:50:50: 已连接PLC
2024-02-26 10:51:03: 导入报警信息表成功  330
2024-02-26 10:51:03: 导入PLC参数信息表成功
2024-02-26 10:51:03: MAC_mini配置信息校验异常
2024-02-26 10:51:50: 读取参数成功
2024-02-26 10:51:50: 已连接PLC
2024-02-26 10:52:03: 导入报警信息表成功  330
2024-02-26 10:52:03: 导入PLC参数信息表成功
2024-02-26 10:52:03: MAC_mini配置信息校验异常
2024-02-26 11:02:16: 读取参数成功
2024-02-26 11:02:16: 已连接PLC
2024-02-26 11:02:30: 导入报警信息表成功  330
2024-02-26 11:02:30: 导入PLC参数信息表成功
2024-02-26 11:02:30: MAC_mini配置信息校验异常
2024-02-26 11:08:46: 读取参数成功
2024-02-26 11:08:46: 已连接PLC
2024-02-26 11:09:00: 导入报警信息表成功  330
2024-02-26 11:09:00: 导入PLC参数信息表成功
2024-02-26 11:09:00: MAC_mini配置信息校验异常
2024-02-26 15:20:23: 读取参数成功
2024-02-26 15:20:23: 已连接PLC
2024-02-26 15:20:37: 导入报警信息表成功  330
2024-02-26 15:20:37: 导入PLC参数信息表成功
2024-02-26 15:20:37: MAC_mini配置信息校验异常
2024-02-26 17:15:32: 读取参数成功
2024-02-26 17:15:32: 已连接PLC
2024-02-26 17:15:45: 导入报警信息表成功  330
2024-02-26 17:15:45: 导入PLC参数信息表成功
2024-02-26 17:15:45: MAC_mini配置信息校验异常
