2024-03-06 00:00:01: 刷新日期时间2024-03-06
2024-03-06 00:00:01: 刷新日期时间2024-03-06
2024-03-06 00:00:07: 整点小时治具除
2024-03-06 00:33:21: 与PLC同步时间成功：2024/3/6 0:33:21
2024-03-06 01:00:07: 整点小时治具除
2024-03-06 01:33:25: 与PLC同步时间成功：2024/3/6 1:33:25
2024-03-06 02:00:08: 整点小时治具除
2024-03-06 02:33:29: 与PLC同步时间成功：2024/3/6 2:33:29
2024-03-06 03:00:08: 整点小时治具除
2024-03-06 03:33:33: 与PLC同步时间成功：2024/3/6 3:33:33
2024-03-06 04:00:08: 整点小时治具除
2024-03-06 04:33:37: 与PLC同步时间成功：2024/3/6 4:33:37
2024-03-06 05:00:08: 整点小时治具除
2024-03-06 05:33:41: 与PLC同步时间成功：2024/3/6 5:33:41
2024-03-06 06:00:08: 整点小时治具除
2024-03-06 06:33:45: 与PLC同步时间成功：2024/3/6 6:33:45
2024-03-06 07:00:08: 整点小时治具除
2024-03-06 07:33:49: 与PLC同步时间成功：2024/3/6 7:33:49
2024-03-06 08:00:08: insert into FixtureNumber([DateTime],[Hour_0],[Hour_1],[Hour_2],[Hour_3],[Hour_4],[Hour_5],[Hour_6],[Hour_7],[Hour_8],[Hour_9],[Hour_10],[Hour_11],[Hour_12],[Hour_13],[Hour_14],[Hour_15],[Hour_16],[Hour_17],[Hour_18],[Hour_19],[Hour_20],[Hour_21],[Hour_22],[Hour_23],[Hour_re0],[Hour_re1],[Hour_re2],[Hour_re3],[Hour_re4],[Hour_re5],[Hour_re6],[Hour_re7],[Hour_re8],[Hour_re9],[Hour_re10],[Hour_re11],[Hour_re12],[Hour_re13],[Hour_re14],[Hour_re15],[Hour_re16],[Hour_re17],[Hour_re18],[Hour_re19],[Hour_re20],[Hour_re21],[Hour_re22],[Hour_re23]) values('2024-03-06','0','0','0','0','0','0','0','0','0','0','0','0','0','0','0','0','0','0','0','0','0','0','0','0','0','0','0','0','0','0','0','0','0','0','0','0','0','0','0','0','0','0','0','0','0','0','0','0')
2024-03-06 08:00:08: 整点小时治具除
2024-03-06 08:33:53: 与PLC同步时间成功：2024/3/6 8:33:53
2024-03-06 09:00:09: 整点小时治具除
2024-03-06 09:33:06: 与PLC同步时间成功：2024/3/6 9:33:06
2024-03-06 09:34:00: 与PLC同步时间成功：2024/3/6 9:34:00
2024-03-06 10:00:09: 整点小时治具除
2024-03-06 10:22:42: 读取参数成功
2024-03-06 10:22:42: 已连接PLC
2024-03-06 10:22:59: 导入报警信息表成功  330
2024-03-06 10:22:59: 导入PLC参数信息表成功
2024-03-06 10:22:59: 已连接MacMini
2024-03-06 10:22:59: Client1已连接
2024-03-06 10:22:59: Client2已连接
2024-03-06 10:22:59: MAC_mini_ua配置信息校验成功
2024-03-06 10:23:00: 整点小时治具除
2024-03-06 10:23:00: OEE_DT 补传关机数据:{"guid":"ce9e8487-ce94-4a08-8400-5912104c8c20","EMT":"","PoorNum":"0","TotalNum":"0",  "Status":"6","ErrorCode":"10010001","EventTime":"2024-03-06 10:22:00.717","ModuleCode":"","ClientPcName":"DESKTOP-MV9S0C1","MAC":"","IP":""},OEELog
2024-03-06 10:23:02: _故障-组装机-XYZU模组X轴负极限：开始计时 2024-03-06 10:23:02.389,OEELog
2024-03-06 10:23:02: OEE_DT:{"guid":"152c20bb-1c1d-4381-a3b3-0e7df75a1c9a","EMT":"","PoorNum":"0","TotalNum":"0",  "Status":"3","ErrorCode":"6012114","EventTime":"2024-03-06 10:23:02.389","ModuleCode":"","ClientPcName":"DESKTOP-MV9S0C1","MAC":"","IP":""},OEELog
2024-03-06 10:33:03: 与PLC同步时间成功：2024/3/6 10:33:03
2024-03-06 10:33:57: 与PLC同步时间成功：2024/3/6 10:33:57
2024-03-06 11:00:00: 整点小时治具除
2024-03-06 11:33:11: 与PLC同步时间成功：2024/3/6 11:33:11
2024-03-06 12:00:00: 整点小时治具除
2024-03-06 12:33:14: 与PLC同步时间成功：2024/3/6 12:33:14
2024-03-06 13:00:00: 整点小时治具除
2024-03-06 13:33:18: 与PLC同步时间成功：2024/3/6 13:33:18
2024-03-06 14:00:00: 整点小时治具除
2024-03-06 14:33:21: 与PLC同步时间成功：2024/3/6 14:33:21
2024-03-06 15:00:00: 整点小时治具除
2024-03-06 15:33:07: 操作员,Operator,2024/03/06 15:33:07,HSG上料(B)_入盘升降轴RUN速度,0,500000,参数修改记录
2024-03-06 15:33:07: 操作员,Operator,2024/03/06 15:33:07,HSG上料(B)_入盘升降轴加速时间,0,200,参数修改记录
2024-03-06 15:33:07: 操作员,Operator,2024/03/06 15:33:07,HSG上料(B)_入盘升降轴减速时间,0,200,参数修改记录
2024-03-06 15:33:07: 操作员,Operator,2024/03/06 15:33:07,HSG上料(B)_入盘升降轴JOG速度,0,100,参数修改记录
2024-03-06 15:33:07: 操作员,Operator,2024/03/06 15:33:07,HSG上料(B)_入盘升降轴接盘坐标,0,-520000,参数修改记录
2024-03-06 15:33:07: 操作员,Operator,2024/03/06 15:33:07,HSG上料(B)_入盘升降轴首盘坐标,0,2361000,参数修改记录
2024-03-06 15:33:07: 操作员,Operator,2024/03/06 15:33:07,HSG上料(B)_入盘升降轴准备坐标,0,990666,参数修改记录
2024-03-06 15:33:07: 操作员,Operator,2024/03/06 15:33:07,HSG上料(B)_入盘升降轴下降间距,0,-100000,参数修改记录
2024-03-06 15:33:07: 操作员,Operator,2024/03/06 15:33:07,HSG上料(B)_盘横移轴RUN速度,0,2000000,参数修改记录
2024-03-06 15:33:07: 操作员,Operator,2024/03/06 15:33:07,HSG上料(B)_盘横移轴加速时间,0,200,参数修改记录
2024-03-06 15:33:07: 操作员,Operator,2024/03/06 15:33:07,HSG上料(B)_盘横移轴减速时间,0,200,参数修改记录
2024-03-06 15:33:07: 操作员,Operator,2024/03/06 15:33:07,HSG上料(B)_盘横移轴JOG速度,0,50000,参数修改记录
2024-03-06 15:33:07: 操作员,Operator,2024/03/06 15:33:07,HSG上料(B)_盘横移轴取盘坐标,0,-420000,参数修改记录
2024-03-06 15:33:07: 操作员,Operator,2024/03/06 15:33:07,HSG上料(B)_盘横移轴完成坐标,0,6031117,参数修改记录
2024-03-06 15:33:07: 操作员,Operator,2024/03/06 15:33:07,HSG上料(B)_盘横移轴取料坐标,0,1910000,参数修改记录
2024-03-06 15:33:07: 操作员,Operator,2024/03/06 15:33:07,HSG上料(B)_盘横移轴Y+方向X坐标,0,1910000,参数修改记录
2024-03-06 15:33:07: 操作员,Operator,2024/03/06 15:33:07,HSG上料(B)_出盘升降轴RUN速度,0,500000,参数修改记录
2024-03-06 15:33:07: 操作员,Operator,2024/03/06 15:33:07,HSG上料(B)_出盘升降轴加速时间,0,200,参数修改记录
2024-03-06 15:33:07: 操作员,Operator,2024/03/06 15:33:07,HSG上料(B)_出盘升降轴减速时间,0,200,参数修改记录
2024-03-06 15:33:07: 操作员,Operator,2024/03/06 15:33:07,HSG上料(B)_出盘升降轴JOG速度,0,100000,参数修改记录
2024-03-06 15:33:07: 操作员,Operator,2024/03/06 15:33:07,HSG上料(B)_出盘升降轴完成坐标,0,-501333,参数修改记录
2024-03-06 15:33:07: 操作员,Operator,2024/03/06 15:33:07,HSG上料(B)_出盘升降轴首盘坐标,0,4200000,参数修改记录
2024-03-06 15:33:07: 操作员,Operator,2024/03/06 15:33:07,HSG上料(B)_出盘升降轴取盘坐标,0,3900000,参数修改记录
2024-03-06 15:33:07: 操作员,Operator,2024/03/06 15:33:07,HSG上料(B)_取料Y轴原点Y0坐标,0,-860000,参数修改记录
2024-03-06 15:33:07: 操作员,Operator,2024/03/06 15:33:07,HSG上料(B)_取料Y轴X+方向Y坐标,0,1139000,参数修改记录
2024-03-06 15:33:07: 操作员,Operator,2024/03/06 15:33:07,HSG上料(B)_取料Y轴Y+方向Y坐标,0,-860000,参数修改记录
2024-03-06 15:33:07: 操作员,Operator,2024/03/06 15:33:07,HSG上料(B)_取料Y轴RUN速度,0,4000000,参数修改记录
2024-03-06 15:33:07: 操作员,Operator,2024/03/06 15:33:07,HSG上料(B)_取料Y轴加速时间,0,200,参数修改记录
2024-03-06 15:33:07: 操作员,Operator,2024/03/06 15:33:07,HSG上料(B)_取料Y轴减速时间,0,200,参数修改记录
2024-03-06 15:33:07: 操作员,Operator,2024/03/06 15:33:07,HSG上料(B)_取料Y轴JOG速度,0,20000,参数修改记录
2024-03-06 15:33:07: 操作员,Operator,2024/03/06 15:33:07,HSG上料(B)_取料Y轴Y原始坐标,0,-800000,参数修改记录
2024-03-06 15:33:07: 操作员,Operator,2024/03/06 15:33:07,HSG上料(B)_取料Y轴取HSG坐标,0,1076863060,参数修改记录
2024-03-06 15:33:07: 操作员,Operator,2024/03/06 15:33:07,HSG上料(B)_取料Y轴放HSG坐标,0,4520046,参数修改记录
2024-03-06 15:33:07: 操作员,Operator,2024/03/06 15:33:07,HSG上料(B)_取料Z降轴RUN速度,0,3000000,参数修改记录
2024-03-06 15:33:07: 操作员,Operator,2024/03/06 15:33:07,HSG上料(B)_取料Z降轴加速时间,0,200,参数修改记录
2024-03-06 15:33:07: 操作员,Operator,2024/03/06 15:33:07,HSG上料(B)_取料Z轴减速时间,0,200,参数修改记录
2024-03-06 15:33:07: 操作员,Operator,2024/03/06 15:33:07,HSG上料(B)_取料Z轴JOG速度,0,10000,参数修改记录
2024-03-06 15:33:07: 操作员,Operator,2024/03/06 15:33:07,HSG上料(B)_取料Z轴原始坐标,0,189044,参数修改记录
2024-03-06 15:33:07: 操作员,Operator,2024/03/06 15:33:07,HSG上料(B)_取料Z轴取HSG坐标,0,-1328889,参数修改记录
2024-03-06 15:33:07: 操作员,Operator,2024/03/06 15:33:07,HSG上料(B)_取料Z轴放HSG坐标,0,29844,参数修改记录
2024-03-06 15:33:07: 操作员,Operator,2024/03/06 15:33:07,组装机_取料Y降轴RUN速度,0,4500000,参数修改记录
2024-03-06 15:33:07: 操作员,Operator,2024/03/06 15:33:07,组装机_取料Y降轴加速时间,0,200,参数修改记录
2024-03-06 15:33:07: 操作员,Operator,2024/03/06 15:33:07,组装机_取料Y轴减速时间,0,200,参数修改记录
2024-03-06 15:33:07: 操作员,Operator,2024/03/06 15:33:07,组装机_取料Y轴JOG速度,0,100000,参数修改记录
2024-03-06 15:33:07: 操作员,Operator,2024/03/06 15:33:07,组装机_取料Y轴取料坐标,0,-3764222,参数修改记录
2024-03-06 15:33:07: 操作员,Operator,2024/03/06 15:33:07,组装机_取料Y轴扫码1坐标,0,-1467854,参数修改记录
2024-03-06 15:33:07: 操作员,Operator,2024/03/06 15:33:07,组装机_取料Y轴放料1坐标,0,-1448564,参数修改记录
2024-03-06 15:33:07: 操作员,Operator,2024/03/06 15:33:07,组装机_取料Y轴检测1坐标,0,-1467851,参数修改记录
2024-03-06 15:33:07: 操作员,Operator,2024/03/06 15:33:07,组装机_取料Y轴扫码2坐标,0,298666,参数修改记录
2024-03-06 15:33:07: 操作员,Operator,2024/03/06 15:33:07,组装机_取料Y轴放料2坐标,0,353622,参数修改记录
2024-03-06 15:33:07: 操作员,Operator,2024/03/06 15:33:07,组装机_取料Y轴检测2坐标,0,298666,参数修改记录
2024-03-06 15:33:07: 操作员,Operator,2024/03/06 15:33:07,组装机_取料Y轴NG排料坐标,0,-2730311,参数修改记录
2024-03-06 15:33:07: 操作员,Operator,2024/03/06 15:33:07,组装机_取料Z降轴RUN速度,0,1500000,参数修改记录
2024-03-06 15:33:07: 操作员,Operator,2024/03/06 15:33:07,组装机_取料Z降轴加速时间,0,1000,参数修改记录
2024-03-06 15:33:07: 操作员,Operator,2024/03/06 15:33:07,组装机_取料Z轴减速时间,0,1000,参数修改记录
2024-03-06 15:33:07: 操作员,Operator,2024/03/06 15:33:07,组装机_取料Z轴JOG速度,0,5000,参数修改记录
2024-03-06 15:33:07: 操作员,Operator,2024/03/06 15:33:07,组装机_取料Z轴取料坐标,0,-865356,参数修改记录
2024-03-06 15:33:07: 操作员,Operator,2024/03/06 15:33:07,组装机_取料Z轴扫码1坐标,0,-86083,参数修改记录
2024-03-06 15:33:07: 操作员,Operator,2024/03/06 15:33:07,组装机_取料Z轴放料1坐标,0,-947799,参数修改记录
2024-03-06 15:33:07: 操作员,Operator,2024/03/06 15:33:07,组装机_取料Z轴检测1坐标,0,-128621,参数修改记录
2024-03-06 15:33:07: 操作员,Operator,2024/03/06 15:33:07,组装机_取料Z轴扫码2坐标,0,-147792,参数修改记录
2024-03-06 15:33:07: 操作员,Operator,2024/03/06 15:33:07,组装机_取料Z轴放料2坐标,0,-947799,参数修改记录
2024-03-06 15:33:07: 操作员,Operator,2024/03/06 15:33:07,组装机_取料Z轴检测2坐标,0,-147792,参数修改记录
2024-03-06 15:33:07: 操作员,Operator,2024/03/06 15:33:07,组装机_取料Z轴NG排料坐标,0,-382318,参数修改记录
2024-03-06 15:33:07: 操作员,Operator,2024/03/06 15:33:07,组装机_1#载具运送轴RUN速度,0,5000000,参数修改记录
2024-03-06 15:33:07: 操作员,Operator,2024/03/06 15:33:07,组装机_1#载具运送轴加速时间,0,200,参数修改记录
2024-03-06 15:33:07: 操作员,Operator,2024/03/06 15:33:07,组装机_1#载具运送轴减速时间,0,200,参数修改记录
2024-03-06 15:33:07: 操作员,Operator,2024/03/06 15:33:07,组装机_1#载具运送轴JOG速度,0,100000,参数修改记录
2024-03-06 15:33:07: 操作员,Operator,2024/03/06 15:33:07,组装机_1#载具运送轴原始坐标,0,9506100,参数修改记录
2024-03-06 15:33:07: 操作员,Operator,2024/03/06 15:33:07,组装机_1#载具运送轴进出坐标,0,9506100,参数修改记录
2024-03-06 15:33:07: 操作员,Operator,2024/03/06 15:33:07,组装机_1#载具运送轴盖板坐标,0,6972370,参数修改记录
2024-03-06 15:33:07: 操作员,Operator,2024/03/06 15:33:07,组装机_1#载具运送轴扫码坐标,0,1515394,参数修改记录
2024-03-06 15:33:07: 操作员,Operator,2024/03/06 15:33:07,组装机_1#载具运送轴放料坐标,0,448473,参数修改记录
2024-03-06 15:33:07: 操作员,Operator,2024/03/06 15:33:07,组装机_1#载具运送轴检测坐标,0,1268461,参数修改记录
2024-03-06 15:33:07: 操作员,Operator,2024/03/06 15:33:07,组装机_1#载具运送轴放HSG坐标,0,4600233,参数修改记录
2024-03-06 15:33:07: 操作员,Operator,2024/03/06 15:33:07,组装机_2#载具运送轴RUN速度,0,5000000,参数修改记录
2024-03-06 15:33:07: 操作员,Operator,2024/03/06 15:33:07,组装机_2#载具运送轴加速时间,0,200,参数修改记录
2024-03-06 15:33:07: 操作员,Operator,2024/03/06 15:33:07,组装机_2#载具运送轴减速时间,0,200,参数修改记录
2024-03-06 15:33:07: 操作员,Operator,2024/03/06 15:33:07,组装机_2#载具运送轴JOG速度,0,20000,参数修改记录
2024-03-06 15:33:07: 操作员,Operator,2024/03/06 15:33:07,组装机_2#载具运送轴原始坐标,0,9479700,参数修改记录
2024-03-06 15:33:07: 操作员,Operator,2024/03/06 15:33:07,组装机_2#载具运送轴进出坐标,0,9479700,参数修改记录
2024-03-06 15:33:07: 操作员,Operator,2024/03/06 15:33:07,组装机_2#载具运送轴盖板坐标,0,6942900,参数修改记录
2024-03-06 15:33:07: 操作员,Operator,2024/03/06 15:33:07,组装机_2#载具运送轴扫码坐标,0,1459090,参数修改记录
2024-03-06 15:33:07: 操作员,Operator,2024/03/06 15:33:07,组装机_2#载具运送轴放料坐标,0,419360,参数修改记录
2024-03-06 15:33:07: 操作员,Operator,2024/03/06 15:33:07,组装机_2#载具运送轴检测坐标,0,1262848,参数修改记录
2024-03-06 15:33:07: 操作员,Operator,2024/03/06 15:33:07,组装机_2#载具运送轴放HSG坐标,0,4022810,参数修改记录
2024-03-06 15:33:07: 操作员,Operator,2024/03/06 15:33:07,组装机_搬载具轴RUN速度,0,3500000,参数修改记录
2024-03-06 15:33:07: 操作员,Operator,2024/03/06 15:33:07,组装机_搬载具轴加速时间,0,200,参数修改记录
2024-03-06 15:33:07: 操作员,Operator,2024/03/06 15:33:07,组装机_搬载具轴减速时间,0,200,参数修改记录
2024-03-06 15:33:07: 操作员,Operator,2024/03/06 15:33:07,组装机_搬载具轴JOG速度,0,500000,参数修改记录
2024-03-06 15:33:07: 操作员,Operator,2024/03/06 15:33:07,组装机_搬载具轴原始坐标,0,-2530000,参数修改记录
2024-03-06 15:33:07: 操作员,Operator,2024/03/06 15:33:07,组装机_搬载具轴定位台坐标,0,-2483269,参数修改记录
2024-03-06 15:33:07: 操作员,Operator,2024/03/06 15:33:07,组装机_搬载具轴夹爪1载具1坐,0,-204400,参数修改记录
2024-03-06 15:33:07: 操作员,Operator,2024/03/06 15:33:07,组装机_搬载具轴夹爪1载具2坐,0,693187,参数修改记录
2024-03-06 15:33:07: 操作员,Operator,2024/03/06 15:33:07,组装机_搬载具轴夹爪2载具1坐,0,-1110200,参数修改记录
2024-03-06 15:33:07: 操作员,Operator,2024/03/06 15:33:07,组装机_搬载具轴夹爪2载具2坐,0,-209900,参数修改记录
2024-03-06 15:33:07: 操作员,Operator,2024/03/06 15:33:07,1#焊接机_模组1X轴RUN速度,0,4500000,参数修改记录
2024-03-06 15:33:07: 操作员,Operator,2024/03/06 15:33:07,1#焊接机_模组1X轴加速时间,0,200,参数修改记录
2024-03-06 15:33:07: 操作员,Operator,2024/03/06 15:33:07,1#焊接机_模组1X轴减速时间,0,200,参数修改记录
2024-03-06 15:33:07: 操作员,Operator,2024/03/06 15:33:07,1#焊接机_模组1X轴JOG速度,0,5000,参数修改记录
2024-03-06 15:33:07: 操作员,Operator,2024/03/06 15:33:07,1#焊接机_模组1X轴接载具坐标,0,-11555,参数修改记录
2024-03-06 15:33:07: 操作员,Operator,2024/03/06 15:33:07,1#焊接机_模组1X轴焊接1坐标,0,4002221,参数修改记录
2024-03-06 15:33:07: 操作员,Operator,2024/03/06 15:33:07,1#焊接机_模组1X轴焊接2坐标,0,3700398,参数修改记录
2024-03-06 15:33:07: 操作员,Operator,2024/03/06 15:33:07,1#焊接机_模组1X轴焊接3坐标,0,3700398,参数修改记录
2024-03-06 15:33:07: 操作员,Operator,2024/03/06 15:33:07,1#焊接机_模组1X轴焊接4坐标,0,-11555,参数修改记录
2024-03-06 15:33:07: 操作员,Operator,2024/03/06 15:33:07,1#焊接机_模组1X轴焊接5坐标,0,3700398,参数修改记录
2024-03-06 15:33:07: 操作员,Operator,2024/03/06 15:33:07,1#焊接机_模组1Y轴RUN速度,0,3500000,参数修改记录
2024-03-06 15:33:07: 操作员,Operator,2024/03/06 15:33:07,1#焊接机_模组1Y轴加速时间,0,200,参数修改记录
2024-03-06 15:33:07: 操作员,Operator,2024/03/06 15:33:07,1#焊接机_模组1Y轴减速时间,0,200,参数修改记录
2024-03-06 15:33:07: 操作员,Operator,2024/03/06 15:33:07,1#焊接机_模组1Y轴JOG速度,0,2000,参数修改记录
2024-03-06 15:33:07: 操作员,Operator,2024/03/06 15:33:07,1#焊接机_模组1Y轴正限位,0,1065193433,参数修改记录
2024-03-06 15:33:07: 操作员,Operator,2024/03/06 15:33:07,1#焊接机_模组1Y轴负限位,0,1065353216,参数修改记录
2024-03-06 15:33:07: 操作员,Operator,2024/03/06 15:33:07,1#焊接机_模组1Y轴接载具坐标,0,2739259,参数修改记录
2024-03-06 15:33:07: 操作员,Operator,2024/03/06 15:33:07,1#焊接机_模组1Y轴焊接1坐标,0,261628,参数修改记录
2024-03-06 15:33:07: 操作员,Operator,2024/03/06 15:33:07,1#焊接机_模组1Y轴焊接2坐标,0,-126051,参数修改记录
2024-03-06 15:33:07: 操作员,Operator,2024/03/06 15:33:07,1#焊接机_模组1Y轴焊接3坐标,0,-126051,参数修改记录
2024-03-06 15:33:07: 操作员,Operator,2024/03/06 15:33:07,1#焊接机_模组1Y轴焊接4坐标,0,115000,参数修改记录
2024-03-06 15:33:07: 操作员,Operator,2024/03/06 15:33:07,1#焊接机_模组1Y轴焊接5坐标,0,-126051,参数修改记录
2024-03-06 15:33:07: 操作员,Operator,2024/03/06 15:33:07,1#焊接机_模组1Z轴RUN速度,0,2500000,参数修改记录
2024-03-06 15:33:07: 操作员,Operator,2024/03/06 15:33:07,1#焊接机_模组1Z轴加速时间,0,200,参数修改记录
2024-03-06 15:33:07: 操作员,Operator,2024/03/06 15:33:07,1#焊接机_模组1Z轴减速时间,0,200,参数修改记录
2024-03-06 15:33:07: 操作员,Operator,2024/03/06 15:33:07,1#焊接机_模组1Z轴JOG速度,0,100,参数修改记录
2024-03-06 15:33:07: 操作员,Operator,2024/03/06 15:33:07,1#焊接机_模组1Z轴正限位,0,1120000158,参数修改记录
2024-03-06 15:33:07: 操作员,Operator,2024/03/06 15:33:07,1#焊接机_模组1Z轴负限位,0,1119732304,参数修改记录
2024-03-06 15:33:07: 操作员,Operator,2024/03/06 15:33:07,1#焊接机_模组1Z轴接载具坐标,0,-320000,参数修改记录
2024-03-06 15:33:07: 操作员,Operator,2024/03/06 15:33:07,1#焊接机_模组1Z轴焊接1坐标,0,-1291500,参数修改记录
2024-03-06 15:33:07: 操作员,Operator,2024/03/06 15:33:07,1#焊接机_模组1Z轴焊接2坐标,0,-1292500,参数修改记录
2024-03-06 15:33:07: 操作员,Operator,2024/03/06 15:33:07,1#焊接机_模组1Z轴焊接3坐标,0,-1292500,参数修改记录
2024-03-06 15:33:07: 操作员,Operator,2024/03/06 15:33:07,1#焊接机_模组1Z轴焊接4坐标,0,-295000,参数修改记录
2024-03-06 15:33:07: 操作员,Operator,2024/03/06 15:33:07,1#焊接机_模组1Z轴焊接5坐标,0,-1292500,参数修改记录
2024-03-06 15:33:07: 操作员,Operator,2024/03/06 15:33:07,1#焊接机_模组2X轴RUN速度,0,4500000,参数修改记录
2024-03-06 15:33:07: 操作员,Operator,2024/03/06 15:33:07,1#焊接机_模组2X轴加速时间,0,200,参数修改记录
2024-03-06 15:33:07: 操作员,Operator,2024/03/06 15:33:07,1#焊接机_模组2X轴减速时间,0,200,参数修改记录
2024-03-06 15:33:07: 操作员,Operator,2024/03/06 15:33:07,1#焊接机_模组2X轴JOG速度,0,5000,参数修改记录
2024-03-06 15:33:07: 操作员,Operator,2024/03/06 15:33:07,1#焊接机_模组2X轴正限位,0,1082130432,参数修改记录
2024-03-06 15:33:07: 操作员,Operator,2024/03/06 15:33:07,1#焊接机_模组2X轴接载具坐标,0,45368,参数修改记录
2024-03-06 15:33:07: 操作员,Operator,2024/03/06 15:33:07,1#焊接机_模组2X轴焊接1坐标,0,-4720659,参数修改记录
2024-03-06 15:33:07: 操作员,Operator,2024/03/06 15:33:07,1#焊接机_模组2X轴焊接2坐标,0,-5009310,参数修改记录
2024-03-06 15:33:07: 操作员,Operator,2024/03/06 15:33:07,1#焊接机_模组2X轴焊接3坐标,0,-5009310,参数修改记录
2024-03-06 15:33:07: 操作员,Operator,2024/03/06 15:33:07,1#焊接机_模组2X轴焊接4坐标,0,-4027000,参数修改记录
2024-03-06 15:33:07: 操作员,Operator,2024/03/06 15:33:07,1#焊接机_模组2X轴焊接5坐标,0,-5009310,参数修改记录
2024-03-06 15:33:07: 操作员,Operator,2024/03/06 15:33:07,1#焊接机_模组2Y轴RUN速度,0,2000000,参数修改记录
2024-03-06 15:33:07: 操作员,Operator,2024/03/06 15:33:07,1#焊接机_模组2Y轴加速时间,0,200,参数修改记录
2024-03-06 15:33:25: 与PLC同步时间成功：2024/3/6 15:33:25
2024-03-06 15:33:33: 操作员,Operator,2024/03/06 15:33:33,HSG上料(B)_入盘升降轴RUN速度,0,500000,参数修改记录
2024-03-06 15:33:33: 操作员,Operator,2024/03/06 15:33:33,HSG上料(B)_入盘升降轴加速时间,0,200,参数修改记录
2024-03-06 15:33:33: 操作员,Operator,2024/03/06 15:33:33,HSG上料(B)_入盘升降轴减速时间,0,200,参数修改记录
2024-03-06 15:33:33: 操作员,Operator,2024/03/06 15:33:33,HSG上料(B)_入盘升降轴JOG速度,0,100,参数修改记录
2024-03-06 15:33:33: 操作员,Operator,2024/03/06 15:33:33,HSG上料(B)_入盘升降轴接盘坐标,0,-520000,参数修改记录
2024-03-06 15:33:33: 操作员,Operator,2024/03/06 15:33:33,HSG上料(B)_入盘升降轴首盘坐标,0,2361000,参数修改记录
2024-03-06 15:33:33: 操作员,Operator,2024/03/06 15:33:33,HSG上料(B)_入盘升降轴准备坐标,0,990666,参数修改记录
2024-03-06 15:33:33: 操作员,Operator,2024/03/06 15:33:33,HSG上料(B)_入盘升降轴下降间距,0,-100000,参数修改记录
2024-03-06 15:33:33: 操作员,Operator,2024/03/06 15:33:33,HSG上料(B)_盘横移轴RUN速度,0,2000000,参数修改记录
2024-03-06 15:33:33: 操作员,Operator,2024/03/06 15:33:33,HSG上料(B)_盘横移轴加速时间,0,200,参数修改记录
2024-03-06 15:33:33: 操作员,Operator,2024/03/06 15:33:33,HSG上料(B)_盘横移轴减速时间,0,200,参数修改记录
2024-03-06 15:33:33: 操作员,Operator,2024/03/06 15:33:33,HSG上料(B)_盘横移轴JOG速度,0,50000,参数修改记录
2024-03-06 15:33:33: 操作员,Operator,2024/03/06 15:33:33,HSG上料(B)_盘横移轴取盘坐标,0,-420000,参数修改记录
2024-03-06 15:33:33: 操作员,Operator,2024/03/06 15:33:33,HSG上料(B)_盘横移轴完成坐标,0,6031117,参数修改记录
2024-03-06 15:33:33: 操作员,Operator,2024/03/06 15:33:33,HSG上料(B)_盘横移轴取料坐标,0,1910000,参数修改记录
2024-03-06 15:33:33: 操作员,Operator,2024/03/06 15:33:33,HSG上料(B)_盘横移轴Y+方向X坐标,0,1910000,参数修改记录
2024-03-06 15:33:33: 操作员,Operator,2024/03/06 15:33:33,HSG上料(B)_出盘升降轴RUN速度,0,500000,参数修改记录
2024-03-06 15:33:33: 操作员,Operator,2024/03/06 15:33:33,HSG上料(B)_出盘升降轴加速时间,0,200,参数修改记录
2024-03-06 15:33:33: 操作员,Operator,2024/03/06 15:33:33,HSG上料(B)_出盘升降轴减速时间,0,200,参数修改记录
2024-03-06 15:33:33: 操作员,Operator,2024/03/06 15:33:33,HSG上料(B)_出盘升降轴JOG速度,0,100000,参数修改记录
2024-03-06 15:33:33: 操作员,Operator,2024/03/06 15:33:33,HSG上料(B)_出盘升降轴完成坐标,0,-501333,参数修改记录
2024-03-06 15:33:33: 操作员,Operator,2024/03/06 15:33:33,HSG上料(B)_出盘升降轴首盘坐标,0,4200000,参数修改记录
2024-03-06 15:33:33: 操作员,Operator,2024/03/06 15:33:33,HSG上料(B)_出盘升降轴取盘坐标,0,3900000,参数修改记录
2024-03-06 15:33:33: 操作员,Operator,2024/03/06 15:33:33,HSG上料(B)_取料Y轴原点Y0坐标,0,-860000,参数修改记录
2024-03-06 15:33:33: 操作员,Operator,2024/03/06 15:33:33,HSG上料(B)_取料Y轴X+方向Y坐标,0,1139000,参数修改记录
2024-03-06 15:33:33: 操作员,Operator,2024/03/06 15:33:33,HSG上料(B)_取料Y轴Y+方向Y坐标,0,-860000,参数修改记录
2024-03-06 15:33:33: 操作员,Operator,2024/03/06 15:33:33,HSG上料(B)_取料Y轴RUN速度,0,4000000,参数修改记录
2024-03-06 15:33:33: 操作员,Operator,2024/03/06 15:33:33,HSG上料(B)_取料Y轴加速时间,0,200,参数修改记录
2024-03-06 15:33:33: 操作员,Operator,2024/03/06 15:33:33,HSG上料(B)_取料Y轴减速时间,0,200,参数修改记录
2024-03-06 15:33:33: 操作员,Operator,2024/03/06 15:33:33,HSG上料(B)_取料Y轴JOG速度,0,20000,参数修改记录
2024-03-06 15:33:33: 操作员,Operator,2024/03/06 15:33:33,HSG上料(B)_取料Y轴Y原始坐标,0,-800000,参数修改记录
2024-03-06 15:33:33: 操作员,Operator,2024/03/06 15:33:33,HSG上料(B)_取料Y轴取HSG坐标,0,1076863060,参数修改记录
2024-03-06 15:33:33: 操作员,Operator,2024/03/06 15:33:33,HSG上料(B)_取料Y轴放HSG坐标,0,4520046,参数修改记录
2024-03-06 15:33:33: 操作员,Operator,2024/03/06 15:33:33,HSG上料(B)_取料Z降轴RUN速度,0,3000000,参数修改记录
2024-03-06 15:33:33: 操作员,Operator,2024/03/06 15:33:33,HSG上料(B)_取料Z降轴加速时间,0,200,参数修改记录
2024-03-06 15:33:33: 操作员,Operator,2024/03/06 15:33:33,HSG上料(B)_取料Z轴减速时间,0,200,参数修改记录
2024-03-06 15:33:33: 操作员,Operator,2024/03/06 15:33:33,HSG上料(B)_取料Z轴JOG速度,0,10000,参数修改记录
2024-03-06 15:33:33: 操作员,Operator,2024/03/06 15:33:33,HSG上料(B)_取料Z轴原始坐标,0,189044,参数修改记录
2024-03-06 15:33:33: 操作员,Operator,2024/03/06 15:33:33,HSG上料(B)_取料Z轴取HSG坐标,0,-1328889,参数修改记录
2024-03-06 15:33:33: 操作员,Operator,2024/03/06 15:33:33,HSG上料(B)_取料Z轴放HSG坐标,0,29844,参数修改记录
2024-03-06 15:33:33: 操作员,Operator,2024/03/06 15:33:33,组装机_取料Y降轴RUN速度,0,4500000,参数修改记录
2024-03-06 15:33:33: 操作员,Operator,2024/03/06 15:33:33,组装机_取料Y降轴加速时间,0,200,参数修改记录
2024-03-06 15:33:33: 操作员,Operator,2024/03/06 15:33:33,组装机_取料Y轴减速时间,0,200,参数修改记录
2024-03-06 15:33:33: 操作员,Operator,2024/03/06 15:33:33,组装机_取料Y轴JOG速度,0,100000,参数修改记录
2024-03-06 15:33:33: 操作员,Operator,2024/03/06 15:33:33,组装机_取料Y轴取料坐标,0,-3764222,参数修改记录
2024-03-06 15:33:33: 操作员,Operator,2024/03/06 15:33:33,组装机_取料Y轴扫码1坐标,0,-1467854,参数修改记录
2024-03-06 15:33:33: 操作员,Operator,2024/03/06 15:33:33,组装机_取料Y轴放料1坐标,0,-1448564,参数修改记录
2024-03-06 15:33:33: 操作员,Operator,2024/03/06 15:33:33,组装机_取料Y轴检测1坐标,0,-1467851,参数修改记录
2024-03-06 15:33:33: 操作员,Operator,2024/03/06 15:33:33,组装机_取料Y轴扫码2坐标,0,298666,参数修改记录
2024-03-06 15:33:33: 操作员,Operator,2024/03/06 15:33:33,组装机_取料Y轴放料2坐标,0,353622,参数修改记录
2024-03-06 15:33:33: 操作员,Operator,2024/03/06 15:33:33,组装机_取料Y轴检测2坐标,0,298666,参数修改记录
2024-03-06 15:33:33: 操作员,Operator,2024/03/06 15:33:33,组装机_取料Y轴NG排料坐标,0,-2730311,参数修改记录
2024-03-06 15:33:33: 操作员,Operator,2024/03/06 15:33:33,组装机_取料Z降轴RUN速度,0,1500000,参数修改记录
2024-03-06 15:33:33: 操作员,Operator,2024/03/06 15:33:33,组装机_取料Z降轴加速时间,0,1000,参数修改记录
2024-03-06 15:33:33: 操作员,Operator,2024/03/06 15:33:33,组装机_取料Z轴减速时间,0,1000,参数修改记录
2024-03-06 15:33:33: 操作员,Operator,2024/03/06 15:33:33,组装机_取料Z轴JOG速度,0,5000,参数修改记录
2024-03-06 15:33:33: 操作员,Operator,2024/03/06 15:33:33,组装机_取料Z轴取料坐标,0,-865356,参数修改记录
2024-03-06 15:33:33: 操作员,Operator,2024/03/06 15:33:33,组装机_取料Z轴扫码1坐标,0,-86083,参数修改记录
2024-03-06 15:33:33: 操作员,Operator,2024/03/06 15:33:33,组装机_取料Z轴放料1坐标,0,-947799,参数修改记录
2024-03-06 15:33:33: 操作员,Operator,2024/03/06 15:33:33,组装机_取料Z轴检测1坐标,0,-128621,参数修改记录
2024-03-06 15:33:33: 操作员,Operator,2024/03/06 15:33:33,组装机_取料Z轴扫码2坐标,0,-147792,参数修改记录
2024-03-06 15:33:33: 操作员,Operator,2024/03/06 15:33:33,组装机_取料Z轴放料2坐标,0,-947799,参数修改记录
2024-03-06 15:33:33: 操作员,Operator,2024/03/06 15:33:33,组装机_取料Z轴检测2坐标,0,-147792,参数修改记录
2024-03-06 15:33:33: 操作员,Operator,2024/03/06 15:33:33,组装机_取料Z轴NG排料坐标,0,-382318,参数修改记录
2024-03-06 15:33:33: 操作员,Operator,2024/03/06 15:33:33,组装机_1#载具运送轴RUN速度,0,5000000,参数修改记录
2024-03-06 15:33:33: 操作员,Operator,2024/03/06 15:33:33,组装机_1#载具运送轴加速时间,0,200,参数修改记录
2024-03-06 15:33:33: 操作员,Operator,2024/03/06 15:33:33,组装机_1#载具运送轴减速时间,0,200,参数修改记录
2024-03-06 15:33:33: 操作员,Operator,2024/03/06 15:33:33,组装机_1#载具运送轴JOG速度,0,100000,参数修改记录
2024-03-06 15:33:33: 操作员,Operator,2024/03/06 15:33:33,组装机_1#载具运送轴原始坐标,0,9506100,参数修改记录
2024-03-06 15:33:33: 操作员,Operator,2024/03/06 15:33:33,组装机_1#载具运送轴进出坐标,0,9506100,参数修改记录
2024-03-06 15:33:33: 操作员,Operator,2024/03/06 15:33:33,组装机_1#载具运送轴盖板坐标,0,6972370,参数修改记录
2024-03-06 15:33:33: 操作员,Operator,2024/03/06 15:33:33,组装机_1#载具运送轴扫码坐标,0,1515394,参数修改记录
2024-03-06 15:33:33: 操作员,Operator,2024/03/06 15:33:33,组装机_1#载具运送轴放料坐标,0,448473,参数修改记录
2024-03-06 15:33:33: 操作员,Operator,2024/03/06 15:33:33,组装机_1#载具运送轴检测坐标,0,1268461,参数修改记录
2024-03-06 15:33:33: 操作员,Operator,2024/03/06 15:33:33,组装机_1#载具运送轴放HSG坐标,0,4600233,参数修改记录
2024-03-06 15:33:33: 操作员,Operator,2024/03/06 15:33:33,组装机_2#载具运送轴RUN速度,0,5000000,参数修改记录
2024-03-06 15:33:33: 操作员,Operator,2024/03/06 15:33:33,组装机_2#载具运送轴加速时间,0,200,参数修改记录
2024-03-06 15:33:33: 操作员,Operator,2024/03/06 15:33:33,组装机_2#载具运送轴减速时间,0,200,参数修改记录
2024-03-06 15:33:33: 操作员,Operator,2024/03/06 15:33:33,组装机_2#载具运送轴JOG速度,0,20000,参数修改记录
2024-03-06 15:33:33: 操作员,Operator,2024/03/06 15:33:33,组装机_2#载具运送轴原始坐标,0,9479700,参数修改记录
2024-03-06 15:33:33: 操作员,Operator,2024/03/06 15:33:33,组装机_2#载具运送轴进出坐标,0,9479700,参数修改记录
2024-03-06 15:33:33: 操作员,Operator,2024/03/06 15:33:33,组装机_2#载具运送轴盖板坐标,0,6942900,参数修改记录
2024-03-06 15:33:33: 操作员,Operator,2024/03/06 15:33:33,组装机_2#载具运送轴扫码坐标,0,1459090,参数修改记录
2024-03-06 15:33:33: 操作员,Operator,2024/03/06 15:33:33,组装机_2#载具运送轴放料坐标,0,419360,参数修改记录
2024-03-06 15:33:33: 操作员,Operator,2024/03/06 15:33:33,组装机_2#载具运送轴检测坐标,0,1262848,参数修改记录
2024-03-06 15:33:33: 操作员,Operator,2024/03/06 15:33:33,组装机_2#载具运送轴放HSG坐标,0,4022810,参数修改记录
2024-03-06 15:33:33: 操作员,Operator,2024/03/06 15:33:33,组装机_搬载具轴RUN速度,0,3500000,参数修改记录
2024-03-06 15:33:33: 操作员,Operator,2024/03/06 15:33:33,组装机_搬载具轴加速时间,0,200,参数修改记录
2024-03-06 15:33:33: 操作员,Operator,2024/03/06 15:33:33,组装机_搬载具轴减速时间,0,200,参数修改记录
2024-03-06 15:33:33: 操作员,Operator,2024/03/06 15:33:33,组装机_搬载具轴JOG速度,0,500000,参数修改记录
2024-03-06 15:33:33: 操作员,Operator,2024/03/06 15:33:33,组装机_搬载具轴原始坐标,0,-2530000,参数修改记录
2024-03-06 15:33:33: 操作员,Operator,2024/03/06 15:33:33,组装机_搬载具轴定位台坐标,0,-2483269,参数修改记录
2024-03-06 15:33:33: 操作员,Operator,2024/03/06 15:33:33,组装机_搬载具轴夹爪1载具1坐,0,-204400,参数修改记录
2024-03-06 15:33:33: 操作员,Operator,2024/03/06 15:33:33,组装机_搬载具轴夹爪1载具2坐,0,693187,参数修改记录
2024-03-06 15:33:33: 操作员,Operator,2024/03/06 15:33:33,组装机_搬载具轴夹爪2载具1坐,0,-1110200,参数修改记录
2024-03-06 15:33:33: 操作员,Operator,2024/03/06 15:33:33,组装机_搬载具轴夹爪2载具2坐,0,-209900,参数修改记录
2024-03-06 15:33:33: 操作员,Operator,2024/03/06 15:33:33,1#焊接机_模组1X轴RUN速度,0,4500000,参数修改记录
2024-03-06 15:33:33: 操作员,Operator,2024/03/06 15:33:33,1#焊接机_模组1X轴加速时间,0,200,参数修改记录
2024-03-06 15:33:33: 操作员,Operator,2024/03/06 15:33:33,1#焊接机_模组1X轴减速时间,0,200,参数修改记录
2024-03-06 15:33:33: 操作员,Operator,2024/03/06 15:33:33,1#焊接机_模组1X轴JOG速度,0,5000,参数修改记录
2024-03-06 15:33:33: 操作员,Operator,2024/03/06 15:33:33,1#焊接机_模组1X轴接载具坐标,0,-11555,参数修改记录
2024-03-06 15:33:33: 操作员,Operator,2024/03/06 15:33:33,1#焊接机_模组1X轴焊接1坐标,0,4002221,参数修改记录
2024-03-06 15:33:33: 操作员,Operator,2024/03/06 15:33:33,1#焊接机_模组1X轴焊接2坐标,0,3700398,参数修改记录
2024-03-06 15:33:33: 操作员,Operator,2024/03/06 15:33:33,1#焊接机_模组1X轴焊接3坐标,0,3700398,参数修改记录
2024-03-06 15:33:33: 操作员,Operator,2024/03/06 15:33:33,1#焊接机_模组1X轴焊接4坐标,0,-11555,参数修改记录
2024-03-06 15:33:33: 操作员,Operator,2024/03/06 15:33:33,1#焊接机_模组1X轴焊接5坐标,0,3700398,参数修改记录
2024-03-06 15:33:33: 操作员,Operator,2024/03/06 15:33:33,1#焊接机_模组1Y轴RUN速度,0,3500000,参数修改记录
2024-03-06 15:33:33: 操作员,Operator,2024/03/06 15:33:33,1#焊接机_模组1Y轴加速时间,0,200,参数修改记录
2024-03-06 15:33:33: 操作员,Operator,2024/03/06 15:33:33,1#焊接机_模组1Y轴减速时间,0,200,参数修改记录
2024-03-06 15:33:33: 操作员,Operator,2024/03/06 15:33:33,1#焊接机_模组1Y轴JOG速度,0,2000,参数修改记录
2024-03-06 15:33:33: 操作员,Operator,2024/03/06 15:33:33,1#焊接机_模组1Y轴正限位,0,1065193433,参数修改记录
2024-03-06 15:33:33: 操作员,Operator,2024/03/06 15:33:33,1#焊接机_模组1Y轴负限位,0,1065353216,参数修改记录
2024-03-06 15:33:33: 操作员,Operator,2024/03/06 15:33:33,1#焊接机_模组1Y轴接载具坐标,0,2739259,参数修改记录
2024-03-06 15:33:33: 操作员,Operator,2024/03/06 15:33:33,1#焊接机_模组1Y轴焊接1坐标,0,261628,参数修改记录
2024-03-06 15:33:33: 操作员,Operator,2024/03/06 15:33:33,1#焊接机_模组1Y轴焊接2坐标,0,-126051,参数修改记录
2024-03-06 15:33:33: 操作员,Operator,2024/03/06 15:33:33,1#焊接机_模组1Y轴焊接3坐标,0,-126051,参数修改记录
2024-03-06 15:33:33: 操作员,Operator,2024/03/06 15:33:33,1#焊接机_模组1Y轴焊接4坐标,0,115000,参数修改记录
2024-03-06 15:33:33: 操作员,Operator,2024/03/06 15:33:33,1#焊接机_模组1Y轴焊接5坐标,0,-126051,参数修改记录
2024-03-06 15:33:33: 操作员,Operator,2024/03/06 15:33:33,1#焊接机_模组1Z轴RUN速度,0,2500000,参数修改记录
2024-03-06 15:33:33: 操作员,Operator,2024/03/06 15:33:33,1#焊接机_模组1Z轴加速时间,0,200,参数修改记录
2024-03-06 15:33:33: 操作员,Operator,2024/03/06 15:33:33,1#焊接机_模组1Z轴减速时间,0,200,参数修改记录
2024-03-06 15:33:33: 操作员,Operator,2024/03/06 15:33:33,1#焊接机_模组1Z轴JOG速度,0,100,参数修改记录
2024-03-06 15:33:33: 操作员,Operator,2024/03/06 15:33:33,1#焊接机_模组1Z轴正限位,0,1120000158,参数修改记录
2024-03-06 15:33:33: 操作员,Operator,2024/03/06 15:33:33,1#焊接机_模组1Z轴负限位,0,1119732304,参数修改记录
2024-03-06 15:33:33: 操作员,Operator,2024/03/06 15:33:33,1#焊接机_模组1Z轴接载具坐标,0,-320000,参数修改记录
2024-03-06 15:33:33: 操作员,Operator,2024/03/06 15:33:33,1#焊接机_模组1Z轴焊接1坐标,0,-1291500,参数修改记录
2024-03-06 15:33:33: 操作员,Operator,2024/03/06 15:33:33,1#焊接机_模组1Z轴焊接2坐标,0,-1292500,参数修改记录
2024-03-06 15:33:33: 操作员,Operator,2024/03/06 15:33:33,1#焊接机_模组1Z轴焊接3坐标,0,-1292500,参数修改记录
2024-03-06 15:33:33: 操作员,Operator,2024/03/06 15:33:33,1#焊接机_模组1Z轴焊接4坐标,0,-295000,参数修改记录
2024-03-06 15:33:33: 操作员,Operator,2024/03/06 15:33:33,1#焊接机_模组1Z轴焊接5坐标,0,-1292500,参数修改记录
2024-03-06 15:33:33: 操作员,Operator,2024/03/06 15:33:33,1#焊接机_模组2X轴RUN速度,0,4500000,参数修改记录
2024-03-06 15:33:33: 操作员,Operator,2024/03/06 15:33:33,1#焊接机_模组2X轴加速时间,0,200,参数修改记录
2024-03-06 15:33:33: 操作员,Operator,2024/03/06 15:33:33,1#焊接机_模组2X轴减速时间,0,200,参数修改记录
2024-03-06 15:33:33: 操作员,Operator,2024/03/06 15:33:33,1#焊接机_模组2X轴JOG速度,0,5000,参数修改记录
2024-03-06 15:33:33: 操作员,Operator,2024/03/06 15:33:33,1#焊接机_模组2X轴正限位,0,1082130432,参数修改记录
2024-03-06 15:33:33: 操作员,Operator,2024/03/06 15:33:33,1#焊接机_模组2X轴接载具坐标,0,45368,参数修改记录
2024-03-06 15:33:33: 操作员,Operator,2024/03/06 15:33:33,1#焊接机_模组2X轴焊接1坐标,0,-4720659,参数修改记录
2024-03-06 15:33:33: 操作员,Operator,2024/03/06 15:33:33,1#焊接机_模组2X轴焊接2坐标,0,-5009310,参数修改记录
2024-03-06 15:33:33: 操作员,Operator,2024/03/06 15:33:33,1#焊接机_模组2X轴焊接3坐标,0,-5009310,参数修改记录
2024-03-06 15:33:33: 操作员,Operator,2024/03/06 15:33:33,1#焊接机_模组2X轴焊接4坐标,0,-4027000,参数修改记录
2024-03-06 15:33:33: 操作员,Operator,2024/03/06 15:33:33,1#焊接机_模组2X轴焊接5坐标,0,-5009310,参数修改记录
2024-03-06 15:33:33: 操作员,Operator,2024/03/06 15:33:33,1#焊接机_模组2Y轴RUN速度,0,2000000,参数修改记录
2024-03-06 15:33:33: 操作员,Operator,2024/03/06 15:33:33,1#焊接机_模组2Y轴加速时间,0,200,参数修改记录
2024-03-06 15:56:30: Client2已连接
2024-03-06 16:00:01: 整点小时治具除
2024-03-06 16:33:29: 与PLC同步时间成功：2024/3/6 16:33:29
2024-03-06 17:00:01: 整点小时治具除
2024-03-06 17:33:33: 与PLC同步时间成功：2024/3/6 17:33:33
2024-03-06 18:00:01: 整点小时治具除
2024-03-06 18:33:36: 与PLC同步时间成功：2024/3/6 18:33:36
2024-03-06 19:00:01: 整点小时治具除
2024-03-06 19:33:40: 与PLC同步时间成功：2024/3/6 19:33:40
2024-03-06 20:00:01: 整点小时治具除
2024-03-06 20:33:44: 与PLC同步时间成功：2024/3/6 20:33:44
2024-03-06 21:00:01: 整点小时治具除
2024-03-06 21:33:47: 与PLC同步时间成功：2024/3/6 21:33:47
2024-03-06 21:56:38: 操作员,Operator,2024/03/06 21:56:38,HSG上料(B)_入盘升降轴RUN速度,0,500000,参数修改记录
2024-03-06 21:56:38: 操作员,Operator,2024/03/06 21:56:38,HSG上料(B)_入盘升降轴加速时间,0,200,参数修改记录
2024-03-06 21:56:38: 操作员,Operator,2024/03/06 21:56:38,HSG上料(B)_入盘升降轴减速时间,0,200,参数修改记录
2024-03-06 21:56:38: 操作员,Operator,2024/03/06 21:56:38,HSG上料(B)_入盘升降轴JOG速度,0,100,参数修改记录
2024-03-06 21:56:38: 操作员,Operator,2024/03/06 21:56:38,HSG上料(B)_入盘升降轴接盘坐标,0,-520000,参数修改记录
2024-03-06 21:56:38: 操作员,Operator,2024/03/06 21:56:38,HSG上料(B)_入盘升降轴首盘坐标,0,2361000,参数修改记录
2024-03-06 21:56:38: 操作员,Operator,2024/03/06 21:56:38,HSG上料(B)_入盘升降轴准备坐标,0,990666,参数修改记录
2024-03-06 21:56:38: 操作员,Operator,2024/03/06 21:56:38,HSG上料(B)_入盘升降轴下降间距,0,-100000,参数修改记录
2024-03-06 21:56:38: 操作员,Operator,2024/03/06 21:56:38,HSG上料(B)_盘横移轴RUN速度,0,2000000,参数修改记录
2024-03-06 21:56:38: 操作员,Operator,2024/03/06 21:56:38,HSG上料(B)_盘横移轴加速时间,0,200,参数修改记录
2024-03-06 21:56:38: 操作员,Operator,2024/03/06 21:56:38,HSG上料(B)_盘横移轴减速时间,0,200,参数修改记录
2024-03-06 21:56:38: 操作员,Operator,2024/03/06 21:56:38,HSG上料(B)_盘横移轴JOG速度,0,50000,参数修改记录
2024-03-06 21:56:38: 操作员,Operator,2024/03/06 21:56:38,HSG上料(B)_盘横移轴取盘坐标,0,-420000,参数修改记录
2024-03-06 21:56:38: 操作员,Operator,2024/03/06 21:56:38,HSG上料(B)_盘横移轴完成坐标,0,6031117,参数修改记录
2024-03-06 21:56:38: 操作员,Operator,2024/03/06 21:56:38,HSG上料(B)_盘横移轴取料坐标,0,1910000,参数修改记录
2024-03-06 21:56:38: 操作员,Operator,2024/03/06 21:56:38,HSG上料(B)_盘横移轴Y+方向X坐标,0,1910000,参数修改记录
2024-03-06 21:56:38: 操作员,Operator,2024/03/06 21:56:38,HSG上料(B)_出盘升降轴RUN速度,0,500000,参数修改记录
2024-03-06 21:56:38: 操作员,Operator,2024/03/06 21:56:38,HSG上料(B)_出盘升降轴加速时间,0,200,参数修改记录
2024-03-06 21:56:38: 操作员,Operator,2024/03/06 21:56:38,HSG上料(B)_出盘升降轴减速时间,0,200,参数修改记录
2024-03-06 21:56:38: 操作员,Operator,2024/03/06 21:56:38,HSG上料(B)_出盘升降轴JOG速度,0,100000,参数修改记录
2024-03-06 21:56:38: 操作员,Operator,2024/03/06 21:56:38,HSG上料(B)_出盘升降轴完成坐标,0,-501333,参数修改记录
2024-03-06 21:56:38: 操作员,Operator,2024/03/06 21:56:38,HSG上料(B)_出盘升降轴首盘坐标,0,4200000,参数修改记录
2024-03-06 21:56:38: 操作员,Operator,2024/03/06 21:56:38,HSG上料(B)_出盘升降轴取盘坐标,0,3900000,参数修改记录
2024-03-06 21:56:38: 操作员,Operator,2024/03/06 21:56:38,HSG上料(B)_取料Y轴原点Y0坐标,0,-860000,参数修改记录
2024-03-06 21:56:38: 操作员,Operator,2024/03/06 21:56:38,HSG上料(B)_取料Y轴X+方向Y坐标,0,1139000,参数修改记录
2024-03-06 21:56:38: 操作员,Operator,2024/03/06 21:56:38,HSG上料(B)_取料Y轴Y+方向Y坐标,0,-860000,参数修改记录
2024-03-06 21:56:38: 操作员,Operator,2024/03/06 21:56:38,HSG上料(B)_取料Y轴RUN速度,0,4000000,参数修改记录
2024-03-06 21:56:38: 操作员,Operator,2024/03/06 21:56:38,HSG上料(B)_取料Y轴加速时间,0,200,参数修改记录
2024-03-06 21:56:38: 操作员,Operator,2024/03/06 21:56:38,HSG上料(B)_取料Y轴减速时间,0,200,参数修改记录
2024-03-06 21:56:38: 操作员,Operator,2024/03/06 21:56:38,HSG上料(B)_取料Y轴JOG速度,0,20000,参数修改记录
2024-03-06 21:56:38: 操作员,Operator,2024/03/06 21:56:38,HSG上料(B)_取料Y轴Y原始坐标,0,-800000,参数修改记录
2024-03-06 21:56:38: 操作员,Operator,2024/03/06 21:56:38,HSG上料(B)_取料Y轴取HSG坐标,0,1076863060,参数修改记录
2024-03-06 21:56:38: 操作员,Operator,2024/03/06 21:56:38,HSG上料(B)_取料Y轴放HSG坐标,0,4520046,参数修改记录
2024-03-06 21:56:38: 操作员,Operator,2024/03/06 21:56:38,HSG上料(B)_取料Z降轴RUN速度,0,3000000,参数修改记录
2024-03-06 21:56:38: 操作员,Operator,2024/03/06 21:56:38,HSG上料(B)_取料Z降轴加速时间,0,200,参数修改记录
2024-03-06 21:56:38: 操作员,Operator,2024/03/06 21:56:38,HSG上料(B)_取料Z轴减速时间,0,200,参数修改记录
2024-03-06 21:56:38: 操作员,Operator,2024/03/06 21:56:38,HSG上料(B)_取料Z轴JOG速度,0,10000,参数修改记录
2024-03-06 21:56:38: 操作员,Operator,2024/03/06 21:56:38,HSG上料(B)_取料Z轴原始坐标,0,189044,参数修改记录
2024-03-06 21:56:38: 操作员,Operator,2024/03/06 21:56:38,HSG上料(B)_取料Z轴取HSG坐标,0,-1328889,参数修改记录
2024-03-06 21:56:38: 操作员,Operator,2024/03/06 21:56:38,HSG上料(B)_取料Z轴放HSG坐标,0,29844,参数修改记录
2024-03-06 21:56:38: 操作员,Operator,2024/03/06 21:56:38,组装机_取料Y降轴RUN速度,0,4500000,参数修改记录
2024-03-06 21:56:38: 操作员,Operator,2024/03/06 21:56:38,组装机_取料Y降轴加速时间,0,200,参数修改记录
2024-03-06 21:56:38: 操作员,Operator,2024/03/06 21:56:38,组装机_取料Y轴减速时间,0,200,参数修改记录
2024-03-06 21:56:38: 操作员,Operator,2024/03/06 21:56:38,组装机_取料Y轴JOG速度,0,100000,参数修改记录
2024-03-06 21:56:38: 操作员,Operator,2024/03/06 21:56:38,组装机_取料Y轴取料坐标,0,-3764222,参数修改记录
2024-03-06 21:56:38: 操作员,Operator,2024/03/06 21:56:38,组装机_取料Y轴扫码1坐标,0,-1467854,参数修改记录
2024-03-06 21:56:38: 操作员,Operator,2024/03/06 21:56:38,组装机_取料Y轴放料1坐标,0,-1448564,参数修改记录
2024-03-06 21:56:38: 操作员,Operator,2024/03/06 21:56:38,组装机_取料Y轴检测1坐标,0,-1467851,参数修改记录
2024-03-06 21:56:38: 操作员,Operator,2024/03/06 21:56:38,组装机_取料Y轴扫码2坐标,0,298666,参数修改记录
2024-03-06 21:56:38: 操作员,Operator,2024/03/06 21:56:38,组装机_取料Y轴放料2坐标,0,353622,参数修改记录
2024-03-06 21:56:38: 操作员,Operator,2024/03/06 21:56:38,组装机_取料Y轴检测2坐标,0,298666,参数修改记录
2024-03-06 21:56:38: 操作员,Operator,2024/03/06 21:56:38,组装机_取料Y轴NG排料坐标,0,-2730311,参数修改记录
2024-03-06 21:56:38: 操作员,Operator,2024/03/06 21:56:38,组装机_取料Z降轴RUN速度,0,1500000,参数修改记录
2024-03-06 21:56:38: 操作员,Operator,2024/03/06 21:56:38,组装机_取料Z降轴加速时间,0,1000,参数修改记录
2024-03-06 21:56:38: 操作员,Operator,2024/03/06 21:56:38,组装机_取料Z轴减速时间,0,1000,参数修改记录
2024-03-06 21:56:38: 操作员,Operator,2024/03/06 21:56:38,组装机_取料Z轴JOG速度,0,5000,参数修改记录
2024-03-06 21:56:38: 操作员,Operator,2024/03/06 21:56:38,组装机_取料Z轴取料坐标,0,-865356,参数修改记录
2024-03-06 21:56:38: 操作员,Operator,2024/03/06 21:56:38,组装机_取料Z轴扫码1坐标,0,-86083,参数修改记录
2024-03-06 21:56:38: 操作员,Operator,2024/03/06 21:56:38,组装机_取料Z轴放料1坐标,0,-947799,参数修改记录
2024-03-06 21:56:38: 操作员,Operator,2024/03/06 21:56:38,组装机_取料Z轴检测1坐标,0,-128621,参数修改记录
2024-03-06 21:56:38: 操作员,Operator,2024/03/06 21:56:38,组装机_取料Z轴扫码2坐标,0,-147792,参数修改记录
2024-03-06 21:56:38: 操作员,Operator,2024/03/06 21:56:38,组装机_取料Z轴放料2坐标,0,-947799,参数修改记录
2024-03-06 21:56:38: 操作员,Operator,2024/03/06 21:56:38,组装机_取料Z轴检测2坐标,0,-147792,参数修改记录
2024-03-06 21:56:38: 操作员,Operator,2024/03/06 21:56:38,组装机_取料Z轴NG排料坐标,0,-382318,参数修改记录
2024-03-06 21:56:38: 操作员,Operator,2024/03/06 21:56:38,组装机_1#载具运送轴RUN速度,0,5000000,参数修改记录
2024-03-06 21:56:38: 操作员,Operator,2024/03/06 21:56:38,组装机_1#载具运送轴加速时间,0,200,参数修改记录
2024-03-06 21:56:38: 操作员,Operator,2024/03/06 21:56:38,组装机_1#载具运送轴减速时间,0,200,参数修改记录
2024-03-06 21:56:38: 操作员,Operator,2024/03/06 21:56:38,组装机_1#载具运送轴JOG速度,0,100000,参数修改记录
2024-03-06 21:56:38: 操作员,Operator,2024/03/06 21:56:38,组装机_1#载具运送轴原始坐标,0,9506100,参数修改记录
2024-03-06 21:56:38: 操作员,Operator,2024/03/06 21:56:38,组装机_1#载具运送轴进出坐标,0,9506100,参数修改记录
2024-03-06 21:56:38: 操作员,Operator,2024/03/06 21:56:38,组装机_1#载具运送轴盖板坐标,0,6972370,参数修改记录
2024-03-06 21:56:38: 操作员,Operator,2024/03/06 21:56:38,组装机_1#载具运送轴扫码坐标,0,1515394,参数修改记录
2024-03-06 21:56:38: 操作员,Operator,2024/03/06 21:56:38,组装机_1#载具运送轴放料坐标,0,448473,参数修改记录
2024-03-06 21:56:38: 操作员,Operator,2024/03/06 21:56:38,组装机_1#载具运送轴检测坐标,0,1268461,参数修改记录
2024-03-06 21:56:38: 操作员,Operator,2024/03/06 21:56:38,组装机_1#载具运送轴放HSG坐标,0,4600233,参数修改记录
2024-03-06 21:56:38: 操作员,Operator,2024/03/06 21:56:38,组装机_2#载具运送轴RUN速度,0,5000000,参数修改记录
2024-03-06 21:56:38: 操作员,Operator,2024/03/06 21:56:38,组装机_2#载具运送轴加速时间,0,200,参数修改记录
2024-03-06 21:56:38: 操作员,Operator,2024/03/06 21:56:38,组装机_2#载具运送轴减速时间,0,200,参数修改记录
2024-03-06 21:56:38: 操作员,Operator,2024/03/06 21:56:38,组装机_2#载具运送轴JOG速度,0,20000,参数修改记录
2024-03-06 21:56:38: 操作员,Operator,2024/03/06 21:56:38,组装机_2#载具运送轴原始坐标,0,9479700,参数修改记录
2024-03-06 21:56:38: 操作员,Operator,2024/03/06 21:56:38,组装机_2#载具运送轴进出坐标,0,9479700,参数修改记录
2024-03-06 21:56:38: 操作员,Operator,2024/03/06 21:56:38,组装机_2#载具运送轴盖板坐标,0,6942900,参数修改记录
2024-03-06 21:56:38: 操作员,Operator,2024/03/06 21:56:38,组装机_2#载具运送轴扫码坐标,0,1459090,参数修改记录
2024-03-06 21:56:38: 操作员,Operator,2024/03/06 21:56:38,组装机_2#载具运送轴放料坐标,0,419360,参数修改记录
2024-03-06 21:56:38: 操作员,Operator,2024/03/06 21:56:38,组装机_2#载具运送轴检测坐标,0,1262848,参数修改记录
2024-03-06 21:56:38: 操作员,Operator,2024/03/06 21:56:38,组装机_2#载具运送轴放HSG坐标,0,4022810,参数修改记录
2024-03-06 21:56:38: 操作员,Operator,2024/03/06 21:56:38,组装机_搬载具轴RUN速度,0,3500000,参数修改记录
2024-03-06 21:56:38: 操作员,Operator,2024/03/06 21:56:38,组装机_搬载具轴加速时间,0,200,参数修改记录
2024-03-06 21:56:38: 操作员,Operator,2024/03/06 21:56:38,组装机_搬载具轴减速时间,0,200,参数修改记录
2024-03-06 21:56:38: 操作员,Operator,2024/03/06 21:56:38,组装机_搬载具轴JOG速度,0,500000,参数修改记录
2024-03-06 21:56:38: 操作员,Operator,2024/03/06 21:56:38,组装机_搬载具轴原始坐标,0,-2530000,参数修改记录
2024-03-06 21:56:38: 操作员,Operator,2024/03/06 21:56:38,组装机_搬载具轴定位台坐标,0,-2483269,参数修改记录
2024-03-06 21:56:38: 操作员,Operator,2024/03/06 21:56:38,组装机_搬载具轴夹爪1载具1坐,0,-204400,参数修改记录
2024-03-06 21:56:38: 操作员,Operator,2024/03/06 21:56:38,组装机_搬载具轴夹爪1载具2坐,0,693187,参数修改记录
2024-03-06 21:56:38: 操作员,Operator,2024/03/06 21:56:38,组装机_搬载具轴夹爪2载具1坐,0,-1110200,参数修改记录
2024-03-06 21:56:38: 操作员,Operator,2024/03/06 21:56:38,组装机_搬载具轴夹爪2载具2坐,0,-209900,参数修改记录
2024-03-06 21:56:38: 操作员,Operator,2024/03/06 21:56:38,1#焊接机_模组1X轴RUN速度,0,4500000,参数修改记录
2024-03-06 21:56:38: 操作员,Operator,2024/03/06 21:56:38,1#焊接机_模组1X轴加速时间,0,200,参数修改记录
2024-03-06 21:56:38: 操作员,Operator,2024/03/06 21:56:38,1#焊接机_模组1X轴减速时间,0,200,参数修改记录
2024-03-06 21:56:38: 操作员,Operator,2024/03/06 21:56:38,1#焊接机_模组1X轴JOG速度,0,5000,参数修改记录
2024-03-06 21:56:38: 操作员,Operator,2024/03/06 21:56:38,1#焊接机_模组1X轴接载具坐标,0,-11555,参数修改记录
2024-03-06 21:56:38: 操作员,Operator,2024/03/06 21:56:38,1#焊接机_模组1X轴焊接1坐标,0,4002221,参数修改记录
2024-03-06 21:56:38: 操作员,Operator,2024/03/06 21:56:38,1#焊接机_模组1X轴焊接2坐标,0,3700398,参数修改记录
2024-03-06 21:56:38: 操作员,Operator,2024/03/06 21:56:38,1#焊接机_模组1X轴焊接3坐标,0,3700398,参数修改记录
2024-03-06 21:56:38: 操作员,Operator,2024/03/06 21:56:38,1#焊接机_模组1X轴焊接4坐标,0,-11555,参数修改记录
2024-03-06 21:56:38: 操作员,Operator,2024/03/06 21:56:38,1#焊接机_模组1X轴焊接5坐标,0,3700398,参数修改记录
2024-03-06 21:56:38: 操作员,Operator,2024/03/06 21:56:38,1#焊接机_模组1Y轴RUN速度,0,3500000,参数修改记录
2024-03-06 21:56:38: 操作员,Operator,2024/03/06 21:56:38,1#焊接机_模组1Y轴加速时间,0,200,参数修改记录
2024-03-06 21:56:38: 操作员,Operator,2024/03/06 21:56:38,1#焊接机_模组1Y轴减速时间,0,200,参数修改记录
2024-03-06 21:56:38: 操作员,Operator,2024/03/06 21:56:38,1#焊接机_模组1Y轴JOG速度,0,2000,参数修改记录
2024-03-06 21:56:38: 操作员,Operator,2024/03/06 21:56:38,1#焊接机_模组1Y轴正限位,0,1065193433,参数修改记录
2024-03-06 21:56:38: 操作员,Operator,2024/03/06 21:56:38,1#焊接机_模组1Y轴负限位,0,1065353216,参数修改记录
2024-03-06 21:56:38: 操作员,Operator,2024/03/06 21:56:38,1#焊接机_模组1Y轴接载具坐标,0,2739259,参数修改记录
2024-03-06 21:56:38: 操作员,Operator,2024/03/06 21:56:38,1#焊接机_模组1Y轴焊接1坐标,0,261628,参数修改记录
2024-03-06 21:56:38: 操作员,Operator,2024/03/06 21:56:38,1#焊接机_模组1Y轴焊接2坐标,0,-126051,参数修改记录
2024-03-06 21:56:38: 操作员,Operator,2024/03/06 21:56:38,1#焊接机_模组1Y轴焊接3坐标,0,-126051,参数修改记录
2024-03-06 21:56:38: 操作员,Operator,2024/03/06 21:56:38,1#焊接机_模组1Y轴焊接4坐标,0,115000,参数修改记录
2024-03-06 21:56:38: 操作员,Operator,2024/03/06 21:56:38,1#焊接机_模组1Y轴焊接5坐标,0,-126051,参数修改记录
2024-03-06 21:56:38: 操作员,Operator,2024/03/06 21:56:38,1#焊接机_模组1Z轴RUN速度,0,2500000,参数修改记录
2024-03-06 21:56:38: 操作员,Operator,2024/03/06 21:56:38,1#焊接机_模组1Z轴加速时间,0,200,参数修改记录
2024-03-06 21:56:38: 操作员,Operator,2024/03/06 21:56:38,1#焊接机_模组1Z轴减速时间,0,200,参数修改记录
2024-03-06 21:56:38: 操作员,Operator,2024/03/06 21:56:38,1#焊接机_模组1Z轴JOG速度,0,100,参数修改记录
2024-03-06 21:56:38: 操作员,Operator,2024/03/06 21:56:38,1#焊接机_模组1Z轴正限位,0,1120000158,参数修改记录
2024-03-06 21:56:38: 操作员,Operator,2024/03/06 21:56:38,1#焊接机_模组1Z轴负限位,0,1119732304,参数修改记录
2024-03-06 21:56:38: 操作员,Operator,2024/03/06 21:56:38,1#焊接机_模组1Z轴接载具坐标,0,-320000,参数修改记录
2024-03-06 21:56:38: 操作员,Operator,2024/03/06 21:56:38,1#焊接机_模组1Z轴焊接1坐标,0,-1291500,参数修改记录
2024-03-06 21:56:38: 操作员,Operator,2024/03/06 21:56:38,1#焊接机_模组1Z轴焊接2坐标,0,-1292500,参数修改记录
2024-03-06 21:56:38: 操作员,Operator,2024/03/06 21:56:38,1#焊接机_模组1Z轴焊接3坐标,0,-1292500,参数修改记录
2024-03-06 21:56:38: 操作员,Operator,2024/03/06 21:56:38,1#焊接机_模组1Z轴焊接4坐标,0,-295000,参数修改记录
2024-03-06 21:56:38: 操作员,Operator,2024/03/06 21:56:38,1#焊接机_模组1Z轴焊接5坐标,0,-1292500,参数修改记录
2024-03-06 21:56:38: 操作员,Operator,2024/03/06 21:56:38,1#焊接机_模组2X轴RUN速度,0,4500000,参数修改记录
2024-03-06 21:56:38: 操作员,Operator,2024/03/06 21:56:38,1#焊接机_模组2X轴加速时间,0,200,参数修改记录
2024-03-06 21:56:38: 操作员,Operator,2024/03/06 21:56:38,1#焊接机_模组2X轴减速时间,0,200,参数修改记录
2024-03-06 21:56:38: 操作员,Operator,2024/03/06 21:56:38,1#焊接机_模组2X轴JOG速度,0,5000,参数修改记录
2024-03-06 21:56:38: 操作员,Operator,2024/03/06 21:56:38,1#焊接机_模组2X轴正限位,0,1082130432,参数修改记录
2024-03-06 21:56:38: 操作员,Operator,2024/03/06 21:56:38,1#焊接机_模组2X轴接载具坐标,0,45368,参数修改记录
2024-03-06 21:56:38: 操作员,Operator,2024/03/06 21:56:38,1#焊接机_模组2X轴焊接1坐标,0,-4720659,参数修改记录
2024-03-06 21:56:38: 操作员,Operator,2024/03/06 21:56:38,1#焊接机_模组2X轴焊接2坐标,0,-5009310,参数修改记录
2024-03-06 21:56:38: 操作员,Operator,2024/03/06 21:56:38,1#焊接机_模组2X轴焊接3坐标,0,-5009310,参数修改记录
2024-03-06 21:56:38: 操作员,Operator,2024/03/06 21:56:38,1#焊接机_模组2X轴焊接4坐标,0,-4027000,参数修改记录
2024-03-06 21:56:38: 操作员,Operator,2024/03/06 21:56:38,1#焊接机_模组2X轴焊接5坐标,0,-5009310,参数修改记录
2024-03-06 21:56:38: 操作员,Operator,2024/03/06 21:56:38,1#焊接机_模组2Y轴RUN速度,0,2000000,参数修改记录
2024-03-06 21:56:38: 操作员,Operator,2024/03/06 21:56:38,1#焊接机_模组2Y轴加速时间,0,200,参数修改记录
2024-03-06 22:00:01: 整点小时治具除
2024-03-06 22:33:51: 与PLC同步时间成功：2024/3/6 22:33:51
2024-03-06 23:00:02: 整点小时治具除
2024-03-06 23:33:05: 与PLC同步时间成功：2024/3/6 23:33:05
2024-03-06 23:33:58: 与PLC同步时间成功：2024/3/6 23:33:58
