2024-02-27 14:21:28: 读取参数成功
2024-02-27 14:21:28: 已连接PLC
2024-02-27 14:21:41: 导入报警信息表成功  330
2024-02-27 14:21:41: 导入PLC参数信息表成功
2024-02-27 14:21:41: MAC_mini配置信息校验异常
2024-02-27 14:22:10: 读取参数成功
2024-02-27 14:22:10: 已连接PLC
2024-02-27 14:22:29: 导入报警信息表成功  330
2024-02-27 14:22:29: 导入PLC参数信息表成功
2024-02-27 14:22:33: MAC_mini配置信息校验异常
2024-02-27 14:54:19: 读取参数成功
2024-02-27 14:54:19: 已连接PLC
2024-02-27 14:54:33: 导入报警信息表成功  330
2024-02-27 14:54:33: 导入PLC参数信息表成功
2024-02-27 14:54:33: MAC_mini配置信息校验异常
2024-02-27 15:40:09: 读取参数成功
2024-02-27 15:40:09: 已连接PLC
2024-02-27 15:40:23: 导入报警信息表成功  330
2024-02-27 15:40:23: 导入PLC参数信息表成功
2024-02-27 15:40:23: MAC_mini配置信息校验异常
2024-02-27 15:43:16: 读取参数成功
2024-02-27 15:43:16: 已连接PLC
2024-02-27 15:43:31: 导入报警信息表成功  330
2024-02-27 15:43:31: 导入PLC参数信息表成功
2024-02-27 15:43:31: MAC_mini配置信息校验异常
2024-02-27 15:43:57: 读取参数成功
2024-02-27 15:43:57: 已连接PLC
2024-02-27 15:44:12: 导入报警信息表成功  330
2024-02-27 15:44:12: 导入PLC参数信息表成功
2024-02-27 15:44:12: MAC_mini配置信息校验异常
2024-02-27 15:44:48: 读取参数成功
2024-02-27 15:44:48: 已连接PLC
2024-02-27 15:44:58: 读取参数成功
2024-02-27 15:44:58: 已连接PLC
2024-02-27 15:46:33: 读取参数成功
2024-02-27 15:46:33: 已连接PLC
2024-02-27 15:47:45: 读取参数成功
2024-02-27 15:47:45: 已连接PLC
2024-02-27 15:48:45: 读取参数成功
2024-02-27 15:48:45: 已连接PLC
2024-02-27 15:48:50: 导入报警信息表成功  330
2024-02-27 15:48:50: 导入PLC参数信息表成功
2024-02-27 15:48:50: MAC_mini配置信息校验异常
2024-02-27 15:49:00: 读取参数成功
2024-02-27 15:49:00: 已连接PLC
2024-02-27 15:49:58: 读取参数成功
2024-02-27 15:49:58: 已连接PLC
2024-02-27 15:50:50: 读取参数成功
2024-02-27 15:50:50: 已连接PLC
2024-02-27 15:51:06: 导入报警信息表成功  330
2024-02-27 15:51:06: 导入PLC参数信息表成功
2024-02-27 15:51:07: MAC_mini配置信息校验异常
2024-02-27 16:01:42: 读取参数成功
2024-02-27 16:01:42: 已连接PLC
2024-02-27 16:01:56: 导入报警信息表成功  330
2024-02-27 16:01:56: 导入PLC参数信息表成功
2024-02-27 16:01:56: MAC_mini配置信息校验异常
2024-02-27 16:10:02: 读取参数成功
2024-02-27 16:10:02: 已连接PLC
2024-02-27 16:10:17: 导入报警信息表成功  330
2024-02-27 16:10:17: 导入PLC参数信息表成功
2024-02-27 16:10:17: MAC_mini配置信息校验异常
