2024-03-11 00:00:01: 刷新日期时间2024-03-11
2024-03-11 00:00:01: 整点小时治具除
2024-03-11 00:00:01: 刷新日期时间2024-03-11
2024-03-11 00:33:18: 与PLC同步时间成功：2024/3/11 0:33:18
2024-03-11 01:00:01: 整点小时治具除
2024-03-11 01:33:22: 与PLC同步时间成功：2024/3/11 1:33:22
2024-03-11 02:00:01: 整点小时治具除
2024-03-11 02:33:25: 与PLC同步时间成功：2024/3/11 2:33:25
2024-03-11 03:00:02: 整点小时治具除
2024-03-11 03:33:29: 与PLC同步时间成功：2024/3/11 3:33:29
2024-03-11 04:00:02: 整点小时治具除
2024-03-11 04:33:32: 与PLC同步时间成功：2024/3/11 4:33:32
2024-03-11 05:00:02: 整点小时治具除
2024-03-11 05:33:35: 与PLC同步时间成功：2024/3/11 5:33:35
2024-03-11 06:00:00: 定时清空异常抛料统计数据
2024-03-11 06:00:00: 每天6点清空保养记录
2024-03-11 06:00:02: 整点小时治具除
2024-03-11 06:33:39: 与PLC同步时间成功：2024/3/11 6:33:39
2024-03-11 07:00:02: 整点小时治具除
2024-03-11 07:33:42: 与PLC同步时间成功：2024/3/11 7:33:42
2024-03-11 08:00:02: insert into FixtureNumber([DateTime],[Hour_0],[Hour_1],[Hour_2],[Hour_3],[Hour_4],[Hour_5],[Hour_6],[Hour_7],[Hour_8],[Hour_9],[Hour_10],[Hour_11],[Hour_12],[Hour_13],[Hour_14],[Hour_15],[Hour_16],[Hour_17],[Hour_18],[Hour_19],[Hour_20],[Hour_21],[Hour_22],[Hour_23],[Hour_re0],[Hour_re1],[Hour_re2],[Hour_re3],[Hour_re4],[Hour_re5],[Hour_re6],[Hour_re7],[Hour_re8],[Hour_re9],[Hour_re10],[Hour_re11],[Hour_re12],[Hour_re13],[Hour_re14],[Hour_re15],[Hour_re16],[Hour_re17],[Hour_re18],[Hour_re19],[Hour_re20],[Hour_re21],[Hour_re22],[Hour_re23]) values('2024-03-11','0','0','0','0','0','0','0','0','0','0','0','0','0','0','0','0','0','0','0','0','0','0','0','0','0','0','0','0','0','0','0','0','0','0','0','0','0','0','0','0','0','0','0','0','0','0','0','0')
2024-03-11 08:00:02: 整点小时治具除
2024-03-11 08:33:45: 与PLC同步时间成功：2024/3/11 8:33:45
2024-03-11 08:48:37: Client1已连接
2024-03-11 09:00:03: 整点小时治具除
2024-03-11 09:16:05: 操作员,Operator,2024/03/11 09:16:05,HSG上料(B)_出盘升降轴取盘坐标,3900000,4200000,参数修改记录
2024-03-11 09:32:55: 产品二维码或载具二维码格式不正确1#焊机,BN-AAF-A024-000009
2024-03-11 09:33:19: 产品二维码或载具二维码格式不正确1#焊机,BN-AAF-A024-000002
2024-03-11 09:33:31: 产品二维码或载具二维码格式不正确1#焊机,BN-AAF-A024-000004
2024-03-11 09:33:49: 与PLC同步时间成功：2024/3/11 9:33:49
2024-03-11 09:34:06: 产品二维码或载具二维码格式不正确1#焊机,BN-AAF-A024-000012
2024-03-11 09:34:45: 产品二维码或载具二维码格式不正确1#焊机,BN-AAF-A024-000007
2024-03-11 09:35:32: 产品二维码或载具二维码格式不正确1#焊机,BN-AAF-A024-000004
2024-03-11 10:00:03: 整点小时治具除
2024-03-11 10:33:52: 与PLC同步时间成功：2024/3/11 10:33:52
2024-03-11 10:41:53: Client1已连接
2024-03-11 10:53:40: Client1已连接
2024-03-11 10:54:56: Client1已连接
2024-03-11 11:00:03: 整点小时治具除
2024-03-11 11:00:21: Client1已连接
2024-03-11 11:02:01: Client1已连接
2024-03-11 11:04:08: Client1已连接
2024-03-11 11:33:06: 与PLC同步时间成功：2024/3/11 11:33:06
2024-03-11 11:33:59: 与PLC同步时间成功：2024/3/11 11:33:59
2024-03-11 12:00:03: 整点小时治具除
2024-03-11 12:33:13: 与PLC同步时间成功：2024/3/11 12:33:13
2024-03-11 13:00:03: 整点小时治具除
2024-03-11 13:30:18: Client1已连接
2024-03-11 13:33:16: 与PLC同步时间成功：2024/3/11 13:33:16
2024-03-11 14:00:03: 整点小时治具除
2024-03-11 14:13:32: 产品二维码或载具二维码格式不正确1#焊机,BN-AAF-A024-000005
2024-03-11 14:14:00: 产品二维码或载具二维码格式不正确1#焊机,BN-AAF-A024-000009
2024-03-11 14:14:56: 产品二维码或载具二维码格式不正确1#焊机,BN-AAF-A024-000007
2024-03-11 14:15:49: 产品二维码或载具二维码格式不正确1#焊机,BN-AAF-A024-000010
2024-03-11 14:16:34: 产品二维码或载具二维码格式不正确1#焊机,BN-AAF-A024-000011
2024-03-11 14:16:50: 产品二维码或载具二维码格式不正确1#焊机,BN-AAF-A024-000004
2024-03-11 14:17:12: 产品二维码或载具二维码格式不正确1#焊机,BN-AAF-A024-000005
2024-03-11 14:17:37: 产品二维码或载具二维码格式不正确1#焊机,BN-AAF-A024-000009
2024-03-11 14:18:01: 产品二维码或载具二维码格式不正确1#焊机,BN-AAF-A024-000012
2024-03-11 14:18:22: 产品二维码或载具二维码格式不正确1#焊机,BN-AAF-A024-000010
2024-03-11 14:21:39: Client1已连接
2024-03-11 14:33:20: 与PLC同步时间成功：2024/3/11 14:33:20
2024-03-11 15:00:06: 整点小时治具除
2024-03-11 15:33:24: 与PLC同步时间成功：2024/3/11 15:33:24
2024-03-11 16:00:06: 整点小时治具除
2024-03-11 16:33:27: 与PLC同步时间成功：2024/3/11 16:33:27
2024-03-11 16:49:45: Client1已连接
2024-03-11 16:51:06: Client1已连接
2024-03-11 16:52:41: Client1已连接
2024-03-11 16:54:35: Client1已连接
2024-03-11 16:56:21: Client1已连接
2024-03-11 16:57:34: Client1已连接
2024-03-11 17:00:06: 整点小时治具除
2024-03-11 17:02:47: Client1已连接
2024-03-11 17:05:17: Client1已连接
2024-03-11 17:33:31: 与PLC同步时间成功：2024/3/11 17:33:31
2024-03-11 18:00:06: 整点小时治具除
2024-03-11 18:33:35: 与PLC同步时间成功：2024/3/11 18:33:35
2024-03-11 19:00:06: 整点小时治具除
2024-03-11 19:33:38: 与PLC同步时间成功：2024/3/11 19:33:38
2024-03-11 20:00:07: 整点小时治具除
2024-03-11 20:33:42: 与PLC同步时间成功：2024/3/11 20:33:42
2024-03-11 21:00:07: 整点小时治具除
2024-03-11 21:33:46: 与PLC同步时间成功：2024/3/11 21:33:46
2024-03-11 22:00:07: 整点小时治具除
2024-03-11 22:12:47: 产品二维码或载具二维码格式不正确1#焊机,BN-AAF-A024-000009
2024-03-11 22:14:34: 产品二维码或载具二维码格式不正确1#焊机,BN-AAF-A024-000012
2024-03-11 22:16:08: 产品二维码或载具二维码格式不正确1#焊机,BN-AAF-A024-000005
2024-03-11 22:18:20: 产品二维码或载具二维码格式不正确1#焊机,BN-AAF-A024-000009
2024-03-11 22:19:09: 产品二维码或载具二维码格式不正确1#焊机,BN-AAF-A024-000012
2024-03-11 22:19:58: 产品二维码或载具二维码格式不正确1#焊机,BN-AAF-A024-000005
2024-03-11 22:20:58: 产品二维码或载具二维码格式不正确1#焊机,BN-AAF-A024-000009
2024-03-11 22:21:52: 产品二维码或载具二维码格式不正确1#焊机,BN-AAF-A024-000012
2024-03-11 22:22:31: 产品二维码或载具二维码格式不正确1#焊机,BN-AAF-A024-000005
2024-03-11 22:23:10: 产品二维码或载具二维码格式不正确1#焊机,BN-AAF-A024-000009
2024-03-11 22:23:54: 产品二维码或载具二维码格式不正确1#焊机,BN-AAF-A024-000011
2024-03-11 22:24:34: 产品二维码或载具二维码格式不正确1#焊机,BN-AAF-A024-000012
2024-03-11 22:25:20: 产品二维码或载具二维码格式不正确1#焊机,BN-AAF-A024-000005
2024-03-11 22:25:59: 产品二维码或载具二维码格式不正确1#焊机,BN-AAF-A024-000009
2024-03-11 22:28:14: 产品二维码或载具二维码格式不正确1#焊机,BN-AAF-A024-000012
2024-03-11 22:28:45: 产品二维码或载具二维码格式不正确1#焊机,BN-AAF-A024-000011
2024-03-11 22:29:24: 产品二维码或载具二维码格式不正确1#焊机,BN-AAF-A024-000009
2024-03-11 22:30:21: 产品二维码或载具二维码格式不正确1#焊机,BN-AAF-A024-000012
2024-03-11 22:31:15: 产品二维码或载具二维码格式不正确1#焊机,BN-AAF-A024-000011
2024-03-11 22:33:49: 与PLC同步时间成功：2024/3/11 22:33:49
2024-03-11 22:34:32: 产品二维码或载具二维码格式不正确1#焊机,BN-AAF-A024-000005
2024-03-11 22:35:11: 产品二维码或载具二维码格式不正确1#焊机,BN-AAF-A024-000009
2024-03-11 22:36:02: 产品二维码或载具二维码格式不正确1#焊机,BN-AAF-A024-000012
2024-03-11 22:40:40: 产品二维码或载具二维码格式不正确1#焊机,BN-AAF-A024-000011
2024-03-11 22:41:20: 产品二维码或载具二维码格式不正确1#焊机,BN-AAF-A024-000005
2024-03-11 22:41:49: 产品二维码或载具二维码格式不正确1#焊机,BN-AAF-A024-000009
2024-03-11 22:42:33: 产品二维码或载具二维码格式不正确1#焊机,BN-AAF-A024-000011
2024-03-11 22:43:14: 产品二维码或载具二维码格式不正确1#焊机,BN-AAF-A024-000012
2024-03-11 22:43:55: 产品二维码或载具二维码格式不正确1#焊机,BN-AAF-A024-000005
2024-03-11 22:57:09: 产品二维码或载具二维码格式不正确1#焊机,BN-AAF-A024-000009
2024-03-11 22:58:08: 产品二维码或载具二维码格式不正确1#焊机,BN-AAF-A024-000011
2024-03-11 22:58:47: 产品二维码或载具二维码格式不正确1#焊机,BN-AAF-A024-000005
2024-03-11 22:59:54: 操作员,Operator,2024/03/11 22:59:54,HSG上料(B)_出盘升降轴取盘坐标,3900000,3000000,参数修改记录
2024-03-11 23:00:07: 整点小时治具除
2024-03-11 23:02:09: 产品二维码或载具二维码格式不正确1#焊机,BN-AAF-A024-000012
2024-03-11 23:03:04: 产品二维码或载具二维码格式不正确1#焊机,BN-AAF-A024-000011
2024-03-11 23:04:13: 产品二维码或载具二维码格式不正确1#焊机,BN-AAF-A024-000012
2024-03-11 23:06:10: 产品二维码或载具二维码格式不正确1#焊机,BN-AAF-A024-000009
2024-03-11 23:06:50: 产品二维码或载具二维码格式不正确1#焊机,BN-AAF-A024-000011
2024-03-11 23:21:55: 产品二维码或载具二维码格式不正确1#焊机,BN-AAF-A024-000005
2024-03-11 23:31:32: 产品二维码或载具二维码格式不正确1#焊机,BN-AAF-A024-000009
2024-03-11 23:33:35: 产品二维码或载具二维码格式不正确1#焊机,BN-AAF-A024-000011
2024-03-11 23:33:52: 与PLC同步时间成功：2024/3/11 23:33:52
2024-03-11 23:34:58: 产品二维码或载具二维码格式不正确1#焊机,BN-AAF-A024-000005
2024-03-11 23:36:34: 产品二维码或载具二维码格式不正确1#焊机,BN-AAF-A024-000009
2024-03-11 23:41:37: 产品二维码或载具二维码格式不正确1#焊机,BN-AAF-A024-000009
